                            05/14/2024 at 21h22m45s                             


 ------------------------------------------------------------------------------
|   Another GFF Analysis Toolkit (AGAT) - Version: v1.0.0                      |
|   https://github.com/NBISweden/AGAT                                          |
|   National Bioinformatics Infrastructure Sweden (NBIS) - www.nbis.se         |
 ------------------------------------------------------------------------------
                                        
                                       
                          ------ Start parsing ------                           
-------------------------- parse options and metadata --------------------------
=> Accessing the feature_levels YAML file
Using standard /home/ubuntu/miniconda3/envs/genometools/lib/perl5/site_perl/auto/share/dist/AGAT/feature_levels.yaml file
=> Attribute used to group features when no Parent/ID relationship exists (i.e common tag):
	* locus_tag
	* gene_id
=> merge_loci option deactivated
=> Machine information:
	This script is being run by perl v5.32.1
	Bioperl location being used: /home/ubuntu/miniconda3/envs/genometools/lib/perl5/site_perl/Bio/
	Operating system being used: linux 
=> Accessing Ontology
	No ontology accessible from the gff file header!
	We use the SOFA ontology distributed with AGAT:
		/home/ubuntu/miniconda3/envs/genometools/lib/perl5/site_perl/auto/share/dist/AGAT/so.obo
	Read ontology /home/ubuntu/miniconda3/envs/genometools/lib/perl5/site_perl/auto/share/dist/AGAT/so.obo:
		4 root terms, and 2596 total terms, and 1516 leaf terms
	Filtering ontology:
The feature type (3rd column) is constrained to be either a term from the Sequence Ontology or an SO accession number. The latter alternative is distinguished using the syntax SO:000000. In either case, it must be sequence_feature (SO:0000110) or an is_a child of it.
We filter the ontology to apply this rule.		We found 1861 terms that are sequence_feature or is_a child of it.
--------------------------------- parsing file ---------------------------------
=> Number of line in file: 3465803
=> Number of comment lines: 200
=> Fasta included: No
=> Number of features lines: 3465603
=> Number of feature type (3rd column): 9
	* Level1: 1 => gene
	* level2: 1 => transcript
	* level3: 6 => start_codon CDS exon five_prime_UTR stop_codon three_prime_UTR
	* unknown: 1 => stop_codon_redefined_as_selenocysteine
=> Version of the Bioperl GFF parser selected by AGAT: 3
gff3 reader warning: primary_tag error @ stop_codon_redefined_as_selenocysteine still not taken into account! Please modify the feature_levels YAML file to define the feature in one of the levels.
gff3 reader warning: primary_tag error @ stop_codon_redefined_as_selenocysteine still not taken into account! Please modify the feature_levels YAML file to define the feature in one of the levels.
gff3 reader warning: primary_tag error @ stop_codon_redefined_as_selenocysteine still not taken into account! Please modify the feature_levels YAML file to define the feature in one of the levels.
gff3 reader warning: primary_tag error @ stop_codon_redefined_as_selenocysteine still not taken into account! Please modify the feature_levels YAML file to define the feature in one of the levels.
gff3 reader warning: primary_tag error @ stop_codon_redefined_as_selenocysteine still not taken into account! Please modify the feature_levels YAML file to define the feature in one of the levels.
gff3 reader warning: primary_tag error @ stop_codon_redefined_as_selenocysteine still not taken into account! Please modify the feature_levels YAML file to define the feature in one of the levels.
gff3 reader warning: primary_tag error @ stop_codon_redefined_as_selenocysteine still not taken into account! Please modify the feature_levels YAML file to define the feature in one of the levels.
gff3 reader warning: primary_tag error @ stop_codon_redefined_as_selenocysteine still not taken into account! Please modify the feature_levels YAML file to define the feature in one of the levels.
gff3 reader warning: primary_tag error @ stop_codon_redefined_as_selenocysteine still not taken into account! Please modify the feature_levels YAML file to define the feature in one of the levels.
gff3 reader warning: primary_tag error @ stop_codon_redefined_as_selenocysteine still not taken into account! Please modify the feature_levels YAML file to define the feature in one of the levels.
gff3 reader warning: primary_tag error  ************** Too much WARNING message we skip the next **************
130 warning messages: gff3 reader warning: primary_tag error 
                 ------ End parsing (done in 507 second) ------                 


                           ------ Start checks ------                           
---------------------------- Check1: feature types -----------------------------
----------------------------------- ontology -----------------------------------
All feature types in agreement with the Ontology.
------------------------------------- agat -------------------------------------
WARNING - Feature types not expected by AGAT:
* stop_codon_redefined_as_selenocysteine
The feature of these types (3rd column in GFF3) are skipped by the parser!
To take them into account you must update the feature_levels YAML file. To acces
s this file run:
			agat levels --expose
In which file to add my feature?
* Feature level1 (e.g. gene, match, region):
  My feature has no parent
  => level1 section.
* Feature level2 (e.g. mrna, match_part, trna):
  My feature has one parent and children
  => level2 section.
* Feature level3 (e.g. exon, intron, cds):
  My feature has one parent (the parent has also a parent) and no children
  => level3 section.
* Feature level3 discontinuous (e.g. cds, utr):
  A single feature that exists over multiple genomic locations
  => spread section.
------------------------------ done in 0 seconds -------------------------------

------------------------------ Check2: duplicates ------------------------------
None found
------------------------------ done in 0 seconds -------------------------------

-------------------------- Check3: sequential bucket ---------------------------
None found
------------------------------ done in 4 seconds -------------------------------

--------------------------- Check4: l2 linked to l3 ----------------------------
No problem found
------------------------------ done in 3 seconds -------------------------------

--------------------------- Check5: l1 linked to l2 ----------------------------
No problem found
------------------------------ done in 0 seconds -------------------------------

--------------------------- Check6: remove orphan l1 ---------------------------
We remove only those not supposed to be orphan
None found
------------------------------ done in 0 seconds -------------------------------

------------------------- Check7: all level3 locations -------------------------
------------------------------ done in 56 seconds ------------------------------

------------------------------ Check8: check cds -------------------------------
Stop codon split over exons
Stop codon split over exons
Stop codon split over exons
Stop codon split over exons
Stop codon split over exons
Stop codon split over exons
Stop codon split over exons
Stop codon split over exons
Stop codon split over exons
Stop codon split over exons
Stop codon split over exons
Stop codon split over exons
Stop codon split over exons
Stop codon split over exons
Stop codon split over exons
Stop codon split over exons
Stop codon split over exons
Stop codon split over exons
Stop codon split over exons
Stop codon split over exons
Stop codon split over exons
Stop codon split over exons
Stop codon split over exons
Stop codon split over exons
Stop codon split over exons
Stop codon split over exons
Stop codon split over exons
Stop codon split over exons
Stop codon split over exons
Stop codon split over exons
Stop codon split over exons
Stop codon split over exons
Stop codon split over exons
Stop codon split over exons
Stop codon split over exons
Stop codon split over exons
Stop codon split over exons
Stop codon split over exons
Stop codon split over exons
Stop codon split over exons
Stop codon split over exons
Stop codon split over exons
Stop codon split over exons
Stop codon split over exons
Stop codon split over exons
Stop codon split over exons
Stop codon split over exons
Stop codon split over exons
Stop codon split over exons
Stop codon split over exons
Stop codon split over exons
Stop codon split over exons
Stop codon split over exons
Stop codon split over exons
Stop codon split over exons
Stop codon split over exons
Stop codon split over exons
Stop codon split over exons
Stop codon split over exons
Stop codon split over exons
Stop codon split over exons
Stop codon split over exons
Stop codon split over exons
Stop codon split over exons
Stop codon split over exons
Stop codon split over exons
Stop codon split over exons
Stop codon split over exons
Stop codon split over exons
Stop codon split over exons
Stop codon split over exons
Stop codon split over exons
Stop codon split over exons
Stop codon split over exons
Stop codon split over exons
Stop codon split over exons
Stop codon split over exons
Stop codon split over exons
Stop codon split over exons
Stop codon split over exons
Stop codon split over exons
Stop codon split over exons
Stop codon split over exons
Stop codon split over exons
Stop codon split over exons
Stop codon split over exons
Stop codon split over exons
Stop codon split over exons
Stop codon split over exons
Stop codon split over exons
Stop codon split over exons
Stop codon split over exons
Stop codon split over exons
Stop codon split over exons
Stop codon split over exons
Stop codon split over exons
Stop codon split over exons
Stop codon split over exons
Stop codon split over exons
Stop codon split over exons
Stop codon split over exons
Stop codon split over exons
Stop codon split over exons
Stop codon split over exons
Stop codon split over exons
Stop codon split over exons
Stop codon split over exons
Stop codon split over exons
Stop codon split over exons
Stop codon split over exons
Stop codon split over exons
Stop codon split over exons
Stop codon split over exons
Stop codon split over exons
Stop codon split over exons
Stop codon split over exons
Stop codon split over exons
Stop codon split over exons
Stop codon split over exons
Stop codon split over exons
Stop codon split over exons
Stop codon split over exons
Stop codon split over exons
Stop codon split over exons
Stop codon split over exons
Stop codon split over exons
Stop codon split over exons
Stop codon split over exons
Stop codon split over exons
Stop codon split over exons
Stop codon split over exons
Stop codon split over exons
Stop codon split over exons
Stop codon split over exons
Stop codon split over exons
Stop codon split over exons
Stop codon split over exons
Stop codon split over exons
Stop codon split over exons
Stop codon split over exons
Stop codon split over exons
Stop codon split over exons
Stop codon split over exons
Stop codon split over exons
Stop codon split over exons
Stop codon split over exons
Stop codon split over exons
Stop codon split over exons
Stop codon split over exons
Stop codon split over exons
Stop codon split over exons
Stop codon split over exons
Stop codon split over exons
Stop codon split over exons
Stop codon split over exons
Stop codon split over exons
Stop codon split over exons
Stop codon split over exons
Stop codon split over exons
Stop codon split over exons
Stop codon split over exons
Stop codon split over exons
Stop codon split over exons
Stop codon split over exons
Stop codon split over exons
Stop codon split over exons
Stop codon split over exons
Stop codon split over exons
Stop codon split over exons
Stop codon split over exons
Stop codon split over exons
Stop codon split over exons
Stop codon split over exons
Stop codon split over exons
Stop codon split over exons
Stop codon split over exons
Stop codon split over exons
Stop codon split over exons
Stop codon split over exons
Stop codon split over exons
Stop codon split over exons
Stop codon split over exons
Stop codon split over exons
Stop codon split over exons
Stop codon split over exons
Stop codon split over exons
Stop codon split over exons
Stop codon split over exons
Stop codon split over exons
Stop codon split over exons
Stop codon split over exons
Stop codon split over exons
Stop codon split over exons
Stop codon split over exons
Stop codon split over exons
Stop codon split over exons
Stop codon split over exons
Stop codon split over exons
Stop codon split over exons
Stop codon split over exons
Stop codon split over exons
Stop codon split over exons
Stop codon split over exons
Stop codon split over exons
Stop codon split over exons
Stop codon split over exons
Stop codon split over exons
Stop codon split over exons
Stop codon split over exons
Stop codon split over exons
Stop codon split over exons
Stop codon split over exons
Stop codon split over exons
Stop codon split over exons
Stop codon split over exons
Stop codon split over exons
Stop codon split over exons
Stop codon split over exons
Stop codon split over exons
Stop codon split over exons
Stop codon split over exons
Stop codon split over exons
Stop codon split over exons
Stop codon split over exons
Stop codon split over exons
Stop codon split over exons
Stop codon split over exons
Stop codon split over exons
Stop codon split over exons
Stop codon split over exons
Stop codon split over exons
Stop codon split over exons
Stop codon split over exons
Stop codon split over exons
Stop codon split over exons
Stop codon split over exons
Stop codon split over exons
Stop codon split over exons
Stop codon split over exons
Stop codon split over exons
Stop codon split over exons
Stop codon split over exons
Stop codon split over exons
Stop codon split over exons
Stop codon split over exons
Stop codon split over exons
Stop codon split over exons
Stop codon split over exons
Stop codon split over exons
Stop codon split over exons
Stop codon split over exons
Stop codon split over exons
Stop codon split over exons
Stop codon split over exons
Stop codon split over exons
Stop codon split over exons
Stop codon split over exons
Stop codon split over exons
Stop codon split over exons
Stop codon split over exons
Stop codon split over exons
Stop codon split over exons
Stop codon split over exons
Stop codon split over exons
Stop codon split over exons
Stop codon split over exons
Stop codon split over exons
Stop codon split over exons
Stop codon split over exons
Stop codon split over exons
Stop codon split over exons
Stop codon split over exons
Stop codon split over exons
Stop codon split over exons
Stop codon split over exons
Stop codon split over exons
Stop codon split over exons
Stop codon split over exons
Stop codon split over exons
Stop codon split over exons
Stop codon split over exons
Stop codon split over exons
Stop codon split over exons
Stop codon split over exons
Stop codon split over exons
Stop codon split over exons
Stop codon split over exons
Stop codon split over exons
Stop codon split over exons
Stop codon split over exons
Stop codon split over exons
Stop codon split over exons
Stop codon split over exons
Stop codon split over exons
Stop codon split over exons
Stop codon split over exons
Stop codon split over exons
Stop codon split over exons
Stop codon split over exons
Stop codon split over exons
Stop codon split over exons
Stop codon split over exons
Stop codon split over exons
Stop codon split over exons
Stop codon split over exons
Stop codon split over exons
Stop codon split over exons
Stop codon split over exons
Stop codon split over exons
Stop codon split over exons
Stop codon split over exons
Stop codon split over exons
Stop codon split over exons
Stop codon split over exons
Stop codon split over exons
Stop codon split over exons
Stop codon split over exons
Stop codon split over exons
Stop codon split over exons
Stop codon split over exons
Stop codon split over exons
Stop codon split over exons
Stop codon split over exons
Stop codon split over exons
Stop codon split over exons
Stop codon split over exons
Stop codon split over exons
Stop codon split over exons
Stop codon split over exons
Stop codon split over exons
Stop codon split over exons
Stop codon split over exons
Stop codon split over exons
Stop codon split over exons
Stop codon split over exons
Stop codon split over exons
Stop codon split over exons
Stop codon split over exons
Stop codon split over exons
Stop codon split over exons
Stop codon split over exons
Stop codon split over exons
Stop codon split over exons
Stop codon split over exons
Stop codon split over exons
Stop codon split over exons
Stop codon split over exons
Stop codon split over exons
Stop codon split over exons
Stop codon split over exons
Stop codon split over exons
Stop codon split over exons
Stop codon split over exons
Stop codon split over exons
Stop codon split over exons
Stop codon split over exons
Stop codon split over exons
Stop codon split over exons
Stop codon split over exons
Stop codon split over exons
Stop codon split over exons
Stop codon split over exons
Stop codon split over exons
Stop codon split over exons
Stop codon split over exons
Stop codon split over exons
Stop codon split over exons
Stop codon split over exons
Stop codon split over exons
Stop codon split over exons
Stop codon split over exons
Stop codon split over exons
Stop codon split over exons
Stop codon split over exons
Stop codon split over exons
Stop codon split over exons
Stop codon split over exons
Stop codon split over exons
Stop codon split over exons
Stop codon split over exons
Stop codon split over exons
Stop codon split over exons
Stop codon split over exons
Stop codon split over exons
Stop codon split over exons
Stop codon split over exons
Stop codon split over exons
Stop codon split over exons
Stop codon split over exons
Stop codon split over exons
Stop codon split over exons
Stop codon split over exons
Stop codon split over exons
Stop codon split over exons
Stop codon split over exons
Stop codon split over exons
Stop codon split over exons
Stop codon split over exons
Stop codon split over exons
Stop codon split over exons
Stop codon split over exons
Stop codon split over exons
Stop codon split over exons
Stop codon split over exons
Stop codon split over exons
Stop codon split over exons
Stop codon split over exons
Stop codon split over exons
Stop codon split over exons
Stop codon split over exons
Stop codon split over exons
Stop codon split over exons
Stop codon split over exons
Stop codon split over exons
Stop codon split over exons
Stop codon split over exons
Stop codon split over exons
Stop codon split over exons
Stop codon split over exons
Stop codon split over exons
Stop codon split over exons
Stop codon split over exons
Stop codon split over exons
Stop codon split over exons
Stop codon split over exons
Stop codon split over exons
Stop codon split over exons
Stop codon split over exons
Stop codon split over exons
Stop codon split over exons
Stop codon split over exons
Stop codon split over exons
Stop codon split over exons
Stop codon split over exons
Stop codon split over exons
Stop codon split over exons
Stop codon split over exons
Stop codon split over exons
Stop codon split over exons
Stop codon split over exons
Stop codon split over exons
Stop codon split over exons
Stop codon split over exons
Stop codon split over exons
Stop codon split over exons
Stop codon split over exons
Stop codon split over exons
Stop codon split over exons
Stop codon split over exons
Stop codon split over exons
Stop codon split over exons
Stop codon split over exons
Stop codon split over exons
Stop codon split over exons
Stop codon split over exons
Stop codon split over exons
Stop codon split over exons
Stop codon split over exons
Stop codon split over exons
Stop codon split over exons
Stop codon split over exons
Stop codon split over exons
Stop codon split over exons
Stop codon split over exons
Stop codon split over exons
Stop codon split over exons
Stop codon split over exons
Stop codon split over exons
Stop codon split over exons
Stop codon split over exons
Stop codon split over exons
Stop codon split over exons
Stop codon split over exons
Stop codon split over exons
Stop codon split over exons
Stop codon split over exons
Stop codon split over exons
Stop codon split over exons
Stop codon split over exons
Stop codon split over exons
Stop codon split over exons
Stop codon split over exons
Stop codon split over exons
Stop codon split over exons
Stop codon split over exons
Stop codon split over exons
Stop codon split over exons
Stop codon split over exons
Stop codon split over exons
Stop codon split over exons
Stop codon split over exons
Stop codon split over exons
Stop codon split over exons
Stop codon split over exons
Stop codon split over exons
Stop codon split over exons
Stop codon split over exons
Stop codon split over exons
Stop codon split over exons
Stop codon split over exons
Stop codon split over exons
Stop codon split over exons
Stop codon split over exons
Stop codon split over exons
Stop codon split over exons
Stop codon split over exons
Stop codon split over exons
Stop codon split over exons
Stop codon split over exons
Stop codon split over exons
Stop codon split over exons
Stop codon split over exons
Stop codon split over exons
Stop codon split over exons
Stop codon split over exons
Stop codon split over exons
Stop codon split over exons
Stop codon split over exons
Stop codon split over exons
Stop codon split over exons
Stop codon split over exons
Stop codon split over exons
Stop codon split over exons
Stop codon split over exons
Stop codon split over exons
Stop codon split over exons
Stop codon split over exons
Stop codon split over exons
Stop codon split over exons
Stop codon split over exons
Stop codon split over exons
Stop codon split over exons
Stop codon split over exons
Stop codon split over exons
Stop codon split over exons
Stop codon split over exons
Stop codon split over exons
Stop codon split over exons
Stop codon split over exons
Stop codon split over exons
Stop codon split over exons
Stop codon split over exons
Stop codon split over exons
Stop codon split over exons
Stop codon split over exons
Stop codon split over exons
Stop codon split over exons
Stop codon split over exons
Stop codon split over exons
Stop codon split over exons
Stop codon split over exons
Stop codon split over exons
Stop codon split over exons
Stop codon split over exons
Stop codon split over exons
Stop codon split over exons
Stop codon split over exons
Stop codon split over exons
Stop codon split over exons
Stop codon split over exons
Stop codon split over exons
Stop codon split over exons
Stop codon split over exons
Stop codon split over exons
Stop codon split over exons
Stop codon split over exons
Stop codon split over exons
Stop codon split over exons
Stop codon split over exons
Stop codon split over exons
Stop codon split over exons
Stop codon split over exons
Stop codon split over exons
Stop codon split over exons
Stop codon split over exons
Stop codon split over exons
No problem found
------------------------------ done in 4 seconds -------------------------------

----------------------------- Check9: check exons ------------------------------
No exons created
No exons locations modified
No supernumerary exons removed
No level2 locations modified
------------------------------ done in 37 seconds ------------------------------

----------------------------- Check10: check utrs ------------------------------
No UTRs created
No UTRs locations modified
No supernumerary UTRs removed
------------------------------ done in 23 seconds ------------------------------

------------------------ Check11: all level2 locations -------------------------
No problem found
------------------------------ done in 36 seconds ------------------------------

------------------------ Check12: all level1 locations -------------------------
No problem found
------------------------------ done in 2 seconds -------------------------------

---------------------- Check13: remove identical isoforms ----------------------
Lets remove isoform ENST00000673044.1
Lets remove isoform ENST00000678269.1
Lets remove isoform ENST00000679526.1
Lets remove isoform ENST00000692795.1
Lets remove isoform ENST00000691462.1
Lets remove isoform ENST00000616975.5
Lets remove isoform ENST00000644515.1
Lets remove isoform ENST00000682551.1
Lets remove isoform ENST00000675428.1
Lets remove isoform ENST00000650107.1
Lets remove isoform ENST00000705253.1
Lets remove isoform ENST00000646699.1
Lets remove isoform ENST00000645462.1
Lets remove isoform ENST00000706714.1
Lets remove isoform ENST00000650987.1
Lets remove isoform ENST00000432560.6
Lets remove isoform ENST00000651842.1
Lets remove isoform ENST00000639086.1
Lets remove isoform ENST00000672287.2
Lets remove isoform ENST00000479889.2
Lets remove isoform ENST00000695372.1
Lets remove isoform ENST00000682694.1
Lets remove isoform ENST00000684208.1
Lets remove isoform ENST00000552002.7
Lets remove isoform ENST00000513750.6
Lets remove isoform ENST00000692585.1
Lets remove isoform ENST00000689570.1
Lets remove isoform ENST00000692380.1
Lets remove isoform ENST00000703226.1
Lets remove isoform ENST00000611770.5
Lets remove isoform ENST00000692155.1
Lets remove isoform ENST00000703564.1
Lets remove isoform ENST00000673324.1
Lets remove isoform ENST00000679908.1
Lets remove isoform ENST00000703568.1
Lets remove isoform ENST00000675870.1
Lets remove isoform ENST00000673975.1
Lets remove isoform ENST00000649161.1
Lets remove isoform ENST00000704744.1
Lets remove isoform ENST00000681786.1
Lets remove isoform ENST00000705985.1
Lets remove isoform ENST00000681489.1
Lets remove isoform ENST00000678026.1
Lets remove isoform ENST00000693090.1
Lets remove isoform ENST00000688656.1
Lets remove isoform ENST00000678578.1
Lets remove isoform ENST00000677604.1
Lets remove isoform ENST00000672699.1
Lets remove isoform ENST00000643692.1
Lets remove isoform ENST00000683298.1
50 identical isoforms removed
------------------------------ done in 60 seconds ------------------------------
                  ------ End checks (done in 225 second) ------                 


