                            05/17/2024 at 18h47m36s                             


 ------------------------------------------------------------------------------
|   Another GFF Analysis Toolkit (AGAT) - Version: v1.4.0                      |
|   https://github.com/NBISweden/AGAT                                          |
|   National Bioinformatics Infrastructure Sweden (NBIS) - www.nbis.se         |
 ------------------------------------------------------------------------------
                                        
                                       
                          ------ Start parsing ------                           
-------------------------- parse options and metadata --------------------------
=> Accessing the feature_levels YAML file
Using standard /home/ubuntu/miniconda3/envs/agat/lib/perl5/site_perl/auto/share/dist/AGAT/feature_levels.yaml file
=> Attribute used to group features when no Parent/ID relationship exists (i.e common tag):
	* locus_tag
	* gene_id
=> merge_loci option deactivated
=> Machine information:
	This script is being run by perl v5.32.1
	Bioperl location being used: /home/ubuntu/miniconda3/envs/agat/lib/perl5/site_perl/Bio/
	Operating system being used: linux 
=> Accessing Ontology
	No ontology accessible from the gff file header!
	We use the SOFA ontology distributed with AGAT:
		/home/ubuntu/miniconda3/envs/agat/lib/perl5/site_perl/auto/share/dist/AGAT/so.obo
	Read ontology /home/ubuntu/miniconda3/envs/agat/lib/perl5/site_perl/auto/share/dist/AGAT/so.obo:
		4 root terms, and 2596 total terms, and 1516 leaf terms
	Filtering ontology:
The feature type (3rd column) is constrained to be either a term from the Sequence Ontology or an SO accession number. The latter alternative is distinguished using the syntax SO:000000. In either case, it must be sequence_feature (SO:0000110) or an is_a child of it.
We filter the ontology to apply this rule.		We found 1861 terms that are sequence_feature or is_a child of it.
--------------------------------- parsing file ---------------------------------
=> Number of line in file: 3465819
=> Number of comment lines: 6
=> Fasta included: No
=> Number of features lines: 3465813
=> Number of feature type (3rd column): 8
	* Level1: 1 => gene
	* level2: 1 => transcript
	* level3: 6 => stop_codon start_codon UTR exon CDS Selenocysteine
	* unknown: 0 => 
=> Version of the Bioperl GFF parser selected by AGAT: 3

                 ------ End parsing (done in 694 second) ------                 


                           ------ Start checks ------                           
---------------------------- Check1: feature types -----------------------------
----------------------------------- ontology -----------------------------------
All feature types in agreement with the Ontology.
------------------------------------- agat -------------------------------------
AGAT can deal with all the encountered feature types (3rd column)
------------------------------ done in 0 seconds -------------------------------

------------------------------ Check2: duplicates ------------------------------
None found
------------------------------ done in 0 seconds -------------------------------

-------------------------- Check3: sequential bucket ---------------------------
None found
------------------------------ done in 4 seconds -------------------------------

--------------------------- Check4: l2 linked to l3 ----------------------------
No problem found
------------------------------ done in 2 seconds -------------------------------

--------------------------- Check5: l1 linked to l2 ----------------------------
No problem found
------------------------------ done in 0 seconds -------------------------------

--------------------------- Check6: remove orphan l1 ---------------------------
We remove only those not supposed to be orphan
None found
------------------------------ done in 1 seconds -------------------------------

------------------------- Check7: all level3 locations -------------------------
------------------------------ done in 59 seconds ------------------------------

------------------------------ Check8: check cds -------------------------------
Stop codon split over exons
Stop codon split over exons
Stop codon split over exons
Stop codon split over exons
Stop codon split over exons
Stop codon split over exons
Stop codon split over exons
Stop codon split over exons
Stop codon split over exons
Stop codon split over exons
Stop codon split over exons
Stop codon split over exons
Stop codon split over exons
Stop codon split over exons
Stop codon split over exons
Stop codon split over exons
Stop codon split over exons
Stop codon split over exons
Stop codon split over exons
Stop codon split over exons
Stop codon split over exons
Stop codon split over exons
Stop codon split over exons
Stop codon split over exons
Stop codon split over exons
Stop codon split over exons
Stop codon split over exons
Stop codon split over exons
Stop codon split over exons
Stop codon split over exons
Stop codon split over exons
Stop codon split over exons
Stop codon split over exons
Stop codon split over exons
Stop codon split over exons
Stop codon split over exons
Stop codon split over exons
Stop codon split over exons
Stop codon split over exons
Stop codon split over exons
Stop codon split over exons
Stop codon split over exons
Stop codon split over exons
Stop codon split over exons
Stop codon split over exons
Stop codon split over exons
Stop codon split over exons
Stop codon split over exons
Stop codon split over exons
Stop codon split over exons
Stop codon split over exons
Stop codon split over exons
Stop codon split over exons
Stop codon split over exons
Stop codon split over exons
Stop codon split over exons
Stop codon split over exons
Stop codon split over exons
Stop codon split over exons
Stop codon split over exons
Stop codon split over exons
Stop codon split over exons
Stop codon split over exons
Stop codon split over exons
Stop codon split over exons
Stop codon split over exons
Stop codon split over exons
Stop codon split over exons
Stop codon split over exons
Stop codon split over exons
Stop codon split over exons
Stop codon split over exons
Stop codon split over exons
Stop codon split over exons
Stop codon split over exons
Stop codon split over exons
Stop codon split over exons
Stop codon split over exons
Stop codon split over exons
Stop codon split over exons
Stop codon split over exons
Stop codon split over exons
Stop codon split over exons
Stop codon split over exons
Stop codon split over exons
Stop codon split over exons
Stop codon split over exons
Stop codon split over exons
Stop codon split over exons
Stop codon split over exons
Stop codon split over exons
Stop codon split over exons
Stop codon split over exons
Stop codon split over exons
Stop codon split over exons
Stop codon split over exons
Stop codon split over exons
Stop codon split over exons
Stop codon split over exons
Stop codon split over exons
Stop codon split over exons
Stop codon split over exons
Stop codon split over exons
Stop codon split over exons
Stop codon split over exons
Stop codon split over exons
Stop codon split over exons
Stop codon split over exons
Stop codon split over exons
Stop codon split over exons
Stop codon split over exons
Stop codon split over exons
Stop codon split over exons
Stop codon split over exons
Stop codon split over exons
Stop codon split over exons
Stop codon split over exons
Stop codon split over exons
Stop codon split over exons
Stop codon split over exons
Stop codon split over exons
Stop codon split over exons
Stop codon split over exons
Stop codon split over exons
Stop codon split over exons
Stop codon split over exons
Stop codon split over exons
Stop codon split over exons
Stop codon split over exons
Stop codon split over exons
Stop codon split over exons
Stop codon split over exons
Stop codon split over exons
Stop codon split over exons
Stop codon split over exons
Stop codon split over exons
Stop codon split over exons
Stop codon split over exons
Stop codon split over exons
Stop codon split over exons
Stop codon split over exons
Stop codon split over exons
Stop codon split over exons
Stop codon split over exons
Stop codon split over exons
Stop codon split over exons
Stop codon split over exons
Stop codon split over exons
Stop codon split over exons
Stop codon split over exons
Stop codon split over exons
Stop codon split over exons
Stop codon split over exons
Stop codon split over exons
Stop codon split over exons
Stop codon split over exons
Stop codon split over exons
Stop codon split over exons
Stop codon split over exons
Stop codon split over exons
Stop codon split over exons
Stop codon split over exons
Stop codon split over exons
Stop codon split over exons
Stop codon split over exons
Stop codon split over exons
Stop codon split over exons
Stop codon split over exons
Stop codon split over exons
Stop codon split over exons
Stop codon split over exons
Stop codon split over exons
Stop codon split over exons
Stop codon split over exons
Stop codon split over exons
Stop codon split over exons
Stop codon split over exons
Stop codon split over exons
Stop codon split over exons
Stop codon split over exons
Stop codon split over exons
Stop codon split over exons
Stop codon split over exons
Stop codon split over exons
Stop codon split over exons
Stop codon split over exons
Stop codon split over exons
Stop codon split over exons
Stop codon split over exons
Stop codon split over exons
Stop codon split over exons
Stop codon split over exons
Stop codon split over exons
Stop codon split over exons
Stop codon split over exons
Stop codon split over exons
Stop codon split over exons
Stop codon split over exons
Stop codon split over exons
Stop codon split over exons
Stop codon split over exons
Stop codon split over exons
Stop codon split over exons
Stop codon split over exons
Stop codon split over exons
Stop codon split over exons
Stop codon split over exons
Stop codon split over exons
Stop codon split over exons
Stop codon split over exons
Stop codon split over exons
Stop codon split over exons
Stop codon split over exons
Stop codon split over exons
Stop codon split over exons
Stop codon split over exons
Stop codon split over exons
Stop codon split over exons
Stop codon split over exons
Stop codon split over exons
Stop codon split over exons
Stop codon split over exons
Stop codon split over exons
Stop codon split over exons
Stop codon split over exons
Stop codon split over exons
Stop codon split over exons
Stop codon split over exons
Stop codon split over exons
Stop codon split over exons
Stop codon split over exons
Stop codon split over exons
Stop codon split over exons
Stop codon split over exons
Stop codon split over exons
Stop codon split over exons
Stop codon split over exons
Stop codon split over exons
Stop codon split over exons
Stop codon split over exons
Stop codon split over exons
Stop codon split over exons
Stop codon split over exons
Stop codon split over exons
Stop codon split over exons
Stop codon split over exons
Stop codon split over exons
Stop codon split over exons
Stop codon split over exons
Stop codon split over exons
Stop codon split over exons
Stop codon split over exons
Stop codon split over exons
Stop codon split over exons
Stop codon split over exons
Stop codon split over exons
Stop codon split over exons
Stop codon split over exons
Stop codon split over exons
Stop codon split over exons
Stop codon split over exons
Stop codon split over exons
Stop codon split over exons
Stop codon split over exons
Stop codon split over exons
Stop codon split over exons
Stop codon split over exons
Stop codon split over exons
Stop codon split over exons
Stop codon split over exons
Stop codon split over exons
Stop codon split over exons
Stop codon split over exons
Stop codon split over exons
Stop codon split over exons
Stop codon split over exons
Stop codon split over exons
Stop codon split over exons
Stop codon split over exons
Stop codon split over exons
Stop codon split over exons
Stop codon split over exons
Stop codon split over exons
Stop codon split over exons
Stop codon split over exons
Stop codon split over exons
Stop codon split over exons
Stop codon split over exons
Stop codon split over exons
Stop codon split over exons
Stop codon split over exons
Stop codon split over exons
Stop codon split over exons
Stop codon split over exons
Stop codon split over exons
Stop codon split over exons
Stop codon split over exons
Stop codon split over exons
Stop codon split over exons
Stop codon split over exons
Stop codon split over exons
Stop codon split over exons
Stop codon split over exons
Stop codon split over exons
Stop codon split over exons
Stop codon split over exons
Stop codon split over exons
Stop codon split over exons
Stop codon split over exons
Stop codon split over exons
Stop codon split over exons
Stop codon split over exons
Stop codon split over exons
Stop codon split over exons
Stop codon split over exons
Stop codon split over exons
Stop codon split over exons
Stop codon split over exons
Stop codon split over exons
Stop codon split over exons
Stop codon split over exons
Stop codon split over exons
Stop codon split over exons
Stop codon split over exons
Stop codon split over exons
Stop codon split over exons
Stop codon split over exons
Stop codon split over exons
Stop codon split over exons
Stop codon split over exons
Stop codon split over exons
Stop codon split over exons
Stop codon split over exons
Stop codon split over exons
Stop codon split over exons
Stop codon split over exons
Stop codon split over exons
Stop codon split over exons
Stop codon split over exons
Stop codon split over exons
Stop codon split over exons
Stop codon split over exons
Stop codon split over exons
Stop codon split over exons
Stop codon split over exons
Stop codon split over exons
Stop codon split over exons
Stop codon split over exons
Stop codon split over exons
Stop codon split over exons
Stop codon split over exons
Stop codon split over exons
Stop codon split over exons
Stop codon split over exons
Stop codon split over exons
Stop codon split over exons
Stop codon split over exons
Stop codon split over exons
Stop codon split over exons
Stop codon split over exons
Stop codon split over exons
Stop codon split over exons
Stop codon split over exons
Stop codon split over exons
Stop codon split over exons
Stop codon split over exons
Stop codon split over exons
Stop codon split over exons
Stop codon split over exons
Stop codon split over exons
Stop codon split over exons
Stop codon split over exons
Stop codon split over exons
Stop codon split over exons
Stop codon split over exons
Stop codon split over exons
Stop codon split over exons
Stop codon split over exons
Stop codon split over exons
Stop codon split over exons
Stop codon split over exons
Stop codon split over exons
Stop codon split over exons
Stop codon split over exons
Stop codon split over exons
Stop codon split over exons
Stop codon split over exons
Stop codon split over exons
Stop codon split over exons
Stop codon split over exons
Stop codon split over exons
Stop codon split over exons
Stop codon split over exons
Stop codon split over exons
Stop codon split over exons
Stop codon split over exons
Stop codon split over exons
Stop codon split over exons
Stop codon split over exons
Stop codon split over exons
Stop codon split over exons
Stop codon split over exons
Stop codon split over exons
Stop codon split over exons
Stop codon split over exons
Stop codon split over exons
Stop codon split over exons
Stop codon split over exons
Stop codon split over exons
Stop codon split over exons
Stop codon split over exons
Stop codon split over exons
Stop codon split over exons
Stop codon split over exons
Stop codon split over exons
Stop codon split over exons
Stop codon split over exons
Stop codon split over exons
Stop codon split over exons
Stop codon split over exons
Stop codon split over exons
Stop codon split over exons
Stop codon split over exons
Stop codon split over exons
Stop codon split over exons
Stop codon split over exons
Stop codon split over exons
Stop codon split over exons
Stop codon split over exons
Stop codon split over exons
Stop codon split over exons
Stop codon split over exons
Stop codon split over exons
Stop codon split over exons
Stop codon split over exons
Stop codon split over exons
Stop codon split over exons
Stop codon split over exons
Stop codon split over exons
Stop codon split over exons
Stop codon split over exons
Stop codon split over exons
Stop codon split over exons
Stop codon split over exons
Stop codon split over exons
Stop codon split over exons
Stop codon split over exons
Stop codon split over exons
Stop codon split over exons
Stop codon split over exons
Stop codon split over exons
Stop codon split over exons
Stop codon split over exons
Stop codon split over exons
Stop codon split over exons
Stop codon split over exons
Stop codon split over exons
Stop codon split over exons
Stop codon split over exons
Stop codon split over exons
Stop codon split over exons
Stop codon split over exons
Stop codon split over exons
Stop codon split over exons
Stop codon split over exons
Stop codon split over exons
Stop codon split over exons
Stop codon split over exons
Stop codon split over exons
Stop codon split over exons
Stop codon split over exons
Stop codon split over exons
Stop codon split over exons
Stop codon split over exons
Stop codon split over exons
Stop codon split over exons
Stop codon split over exons
Stop codon split over exons
Stop codon split over exons
Stop codon split over exons
Stop codon split over exons
Stop codon split over exons
Stop codon split over exons
Stop codon split over exons
Stop codon split over exons
Stop codon split over exons
Stop codon split over exons
Stop codon split over exons
Stop codon split over exons
Stop codon split over exons
Stop codon split over exons
Stop codon split over exons
Stop codon split over exons
Stop codon split over exons
Stop codon split over exons
Stop codon split over exons
Stop codon split over exons
Stop codon split over exons
Stop codon split over exons
Stop codon split over exons
Stop codon split over exons
Stop codon split over exons
Stop codon split over exons
Stop codon split over exons
Stop codon split over exons
Stop codon split over exons
Stop codon split over exons
Stop codon split over exons
Stop codon split over exons
Stop codon split over exons
Stop codon split over exons
Stop codon split over exons
Stop codon split over exons
Stop codon split over exons
Stop codon split over exons
Stop codon split over exons
Stop codon split over exons
Stop codon split over exons
Stop codon split over exons
Stop codon split over exons
Stop codon split over exons
Stop codon split over exons
Stop codon split over exons
Stop codon split over exons
Stop codon split over exons
Stop codon split over exons
Stop codon split over exons
Stop codon split over exons
Stop codon split over exons
Stop codon split over exons
Stop codon split over exons
Stop codon split over exons
Stop codon split over exons
Stop codon split over exons
Stop codon split over exons
Stop codon split over exons
Stop codon split over exons
Stop codon split over exons
Stop codon split over exons
Stop codon split over exons
Stop codon split over exons
Stop codon split over exons
Stop codon split over exons
Stop codon split over exons
Stop codon split over exons
Stop codon split over exons
Stop codon split over exons
Stop codon split over exons
Stop codon split over exons
Stop codon split over exons
Stop codon split over exons
Stop codon split over exons
Stop codon split over exons
Stop codon split over exons
Stop codon split over exons
Stop codon split over exons
Stop codon split over exons
Stop codon split over exons
Stop codon split over exons
Stop codon split over exons
Stop codon split over exons
Stop codon split over exons
Stop codon split over exons
Stop codon split over exons
Stop codon split over exons
Stop codon split over exons
Stop codon split over exons
Stop codon split over exons
Stop codon split over exons
Stop codon split over exons
Stop codon split over exons
Stop codon split over exons
Stop codon split over exons
Stop codon split over exons
Stop codon split over exons
Stop codon split over exons
No problem found
------------------------------ done in 5 seconds -------------------------------

----------------------------- Check9: check exons ------------------------------
No exons created
No exons locations modified
No supernumerary exons removed
No level2 locations modified
------------------------------ done in 37 seconds ------------------------------

----------------------------- Check10: check utrs ------------------------------
No UTRs created
No UTRs locations modified
No supernumerary UTRs removed
------------------------------ done in 23 seconds ------------------------------

------------------------ Check11: all level2 locations -------------------------
No problem found
------------------------------ done in 40 seconds ------------------------------

------------------------ Check12: all level1 locations -------------------------
No problem found
------------------------------ done in 2 seconds -------------------------------

---------------------- Check13: remove identical isoforms ----------------------
None found
------------------------------ done in 57 seconds ------------------------------
                  ------ End checks (done in 230 second) ------                 


