                            05/14/2024 at 21h05m48s                             


 ------------------------------------------------------------------------------
|   Another GFF Analysis Toolkit (AGAT) - Version: v1.0.0                      |
|   https://github.com/NBISweden/AGAT                                          |
|   National Bioinformatics Infrastructure Sweden (NBIS) - www.nbis.se         |
 ------------------------------------------------------------------------------
                                        
                                       
                          ------ Start parsing ------                           
-------------------------- parse options and metadata --------------------------
=> Accessing the feature_levels YAML file
Using standard /home/ubuntu/miniconda3/envs/genometools/lib/perl5/site_perl/auto/share/dist/AGAT/feature_levels.yaml file
=> Attribute used to group features when no Parent/ID relationship exists (i.e common tag):
	* locus_tag
	* gene_id
=> merge_loci option deactivated
=> Machine information:
	This script is being run by perl v5.32.1
	Bioperl location being used: /home/ubuntu/miniconda3/envs/genometools/lib/perl5/site_perl/Bio/
	Operating system being used: linux 
=> Accessing Ontology
	No ontology accessible from the gff file header!
	We use the SOFA ontology distributed with AGAT:
		/home/ubuntu/miniconda3/envs/genometools/lib/perl5/site_perl/auto/share/dist/AGAT/so.obo
	Read ontology /home/ubuntu/miniconda3/envs/genometools/lib/perl5/site_perl/auto/share/dist/AGAT/so.obo:
		4 root terms, and 2596 total terms, and 1516 leaf terms
	Filtering ontology:
The feature type (3rd column) is constrained to be either a term from the Sequence Ontology or an SO accession number. The latter alternative is distinguished using the syntax SO:000000. In either case, it must be sequence_feature (SO:0000110) or an is_a child of it.
We filter the ontology to apply this rule.		We found 1861 terms that are sequence_feature or is_a child of it.
--------------------------------- parsing file ---------------------------------
=> Number of line in file: 62
=> Number of comment lines: 19
=> Fasta included: No
=> Number of features lines: 43
=> Number of feature type (3rd column): 4
	* Level1: 1 => gene
	* level2: 1 => transcript
	* level3: 2 => exon CDS
	* unknown: 0 => 
=> Version of the Bioperl GFF parser selected by AGAT: 3
                  ------ End parsing (done in 5 second) ------                  


                           ------ Start checks ------                           
---------------------------- Check1: feature types -----------------------------
----------------------------------- ontology -----------------------------------
All feature types in agreement with the Ontology.
------------------------------------- agat -------------------------------------
AGAT can deal with all the encountered feature types (3rd column)
------------------------------ done in 0 seconds -------------------------------

------------------------------ Check2: duplicates ------------------------------
None found
------------------------------ done in 0 seconds -------------------------------

-------------------------- Check3: sequential bucket ---------------------------
Nothing to check as sequential bucket!
------------------------------ done in 0 seconds -------------------------------

--------------------------- Check4: l2 linked to l3 ----------------------------
L3 was directly linked to L1. Corrected by creating the intermediate L2 feature from L1 feature:
WSN_HA	.	RNA	1	1775	.	-	.	ID gene2 ; Name HA ; Parent "nbis-gene-1"  ; gene WSN_HA ; product "WSN hemagglutinin" 
L3 was directly linked to L1. Corrected by creating the intermediate L2 feature from L1 feature:
WSN_NA	.	RNA	1	1409	.	-	.	ID gene4 ; Name NA ; Parent "nbis-gene-2"  ; gene WSN_NA ; product "WSN neuraminidase" 
2 cases fixed where L3 features have parent feature(s) missing
------------------------------ done in 0 seconds -------------------------------

--------------------------- Check5: l1 linked to l2 ----------------------------
No Parent feature found for transcript2. We create one: WSN_HA	.	gene	1	1775	.	+	.	ID "nbis-gene-3"  ; gene WSN_HA ; product "WSN hemagglutinin" 
No Parent feature found for transcript4. We create one: WSN_NA	.	gene	1	1409	.	+	.	ID "nbis-gene-4"  ; gene WSN_NA ; product "WSN neuraminidase" 
2 cases fixed where L2 features have parent features missing
------------------------------ done in 0 seconds -------------------------------

--------------------------- Check6: remove orphan l1 ---------------------------
We remove only those not supposed to be orphan
None found
------------------------------ done in 0 seconds -------------------------------

------------------------- Check7: all level3 locations -------------------------
Features adjacents we merge them:
WSN_NS	.	exon	1	56	.	+	.	ID "exon-7"  ; Parent transcript6 ; gene WSN_NS ; gene_id WSN_NS ; product "WSN nonstructural protein 2"  ; transcript_id NS_transcript
WSN_NS	.	exon	1	890	.	+	.	ID "exon-8"  ; Parent transcript6 ; gene WSN_NS ; gene_id WSN_NS ; product "WSN nonstructural protein 1"  ; transcript_id NS_transcript
Features adjacents we merge them:
WSN_NS	.	exon	1	890	.	+	.	ID "exon-7"  ; Parent transcript6 ; gene WSN_NS ; gene_id WSN_NS ; product "WSN nonstructural protein 2"  ; transcript_id NS_transcript
WSN_NS	.	exon	529	890	.	+	.	ID "exon-9"  ; Parent transcript6 ; gene WSN_NS ; gene_id WSN_NS ; product "WSN nonstructural protein 2"  ; transcript_id NS_transcript
Features adjacents we merge them:
WSN_M	.	exon	1	51	.	+	.	ID "exon-2"  ; Parent transcript3 ; gene WSN_M ; gene_id WSN_M ; product "WSN M2 protein"  ; transcript_id M_transcript
WSN_M	.	exon	1	1027	.	+	.	ID "exon-3"  ; Parent transcript3 ; gene WSN_M ; gene_id WSN_M ; product "WSN matrix protein"  ; transcript_id M_transcript
Features adjacents we merge them:
WSN_M	.	exon	1	1027	.	+	.	ID "exon-2"  ; Parent transcript3 ; gene WSN_M ; gene_id WSN_M ; product "WSN M2 protein"  ; transcript_id M_transcript
WSN_M	.	exon	740	1027	.	+	.	ID "exon-4"  ; Parent transcript3 ; gene WSN_M ; gene_id WSN_M ; product "WSN M2 protein"  ; transcript_id M_transcript
Features adjacents we merge them:
WSN_NS	.	CDS	27	56	.	+	0	ID "cds-8"  ; Parent transcript6 ; gene_id WSN_NS ; product "WSN nonstructural protein 2" 
WSN_NS	.	CDS	27	719	.	+	0	ID "cds-9"  ; Parent transcript6 ; gene_id WSN_NS ; product "WSN nonstructural protein 1" 
Features adjacents we merge them:
WSN_NS	.	CDS	27	719	.	+	0	ID "cds-8"  ; Parent transcript6 ; gene_id WSN_NS ; product "WSN nonstructural protein 2" 
WSN_NS	.	CDS	529	864	.	+	0	ID "cds-10"  ; Parent transcript6 ; gene_id WSN_NS ; product "WSN nonstructural protein 2" 
Features adjacents we merge them:
WSN_M	.	CDS	29	51	.	+	0	ID "cds-3"  ; Parent transcript3 ; gene WSN_M ; product "WSN M2 protein" 
WSN_M	.	CDS	29	784	.	+	1	ID "cds-4"  ; Parent transcript3 ; gene WSN_M ; product "WSN matrix protein" 
Features adjacents we merge them:
WSN_M	.	CDS	29	784	.	+	0	ID "cds-3"  ; Parent transcript3 ; gene WSN_M ; product "WSN M2 protein" 
WSN_M	.	CDS	740	1007	.	+	1	ID "cds-5"  ; Parent transcript3 ; gene WSN_M ; product "WSN M2 protein" 
2 adjacent exon merged
2 adjacent cds merged
------------------------------ done in 0 seconds -------------------------------

------------------------------ Check8: check cds -------------------------------
No problem found
------------------------------ done in 0 seconds -------------------------------

----------------------------- Check9: check exons ------------------------------
Create one Exon for transcript1
:FLUC	.	exon	1	1656	.	+	.	ID "nbis-exon-1"  ; Parent transcript1 ; gene FLUC ; product "firefly luciferase" 
Create one Exon for transcript2
:WSN_HA	.	exon	33	1730	.	+	.	ID "nbis-exon-2"  ; Parent transcript2 ; gene WSN_HA ; product "WSN hemagglutinin" 
Create one Exon for transcript4
:WSN_NA	.	exon	20	1381	.	+	.	ID "nbis-exon-3"  ; Parent transcript4 ; gene WSN_NA ; product "WSN neuraminidase" 
3 exons created that were missing
No exons locations modified
No supernumerary exons removed
No level2 locations modified
------------------------------ done in 0 seconds -------------------------------

----------------------------- Check10: check utrs ------------------------------
Create one UTR for transcript3
:WSN_M	.	five_prime_UTR	1	28	.	+	.	ID "nbis-five_prime_utr-1"  ; Parent transcript3 ; gene WSN_M ; gene_id WSN_M ; product "WSN M2 protein"  ; transcript_id M_transcript
Create one UTR for transcript3
:WSN_M	.	three_prime_UTR	1008	1027	.	+	.	ID "nbis-three_prime_utr-1"  ; Parent transcript3 ; gene WSN_M ; gene_id WSN_M ; product "WSN M2 protein"  ; transcript_id M_transcript
Create one UTR for transcript5
:WSN_NP	.	five_prime_UTR	1	45	.	+	.	ID "nbis-five_prime_utr-2"  ; Parent transcript5 ; gene WSN_NP ; gene_id WSN_NP ; product "WSN nucleoprotein"  ; transcript_id NP_transcript
Create one UTR for transcript5
:WSN_NP	.	three_prime_UTR	1543	1565	.	+	.	ID "nbis-three_prime_utr-2"  ; Parent transcript5 ; gene WSN_NP ; gene_id WSN_NP ; product "WSN nucleoprotein"  ; transcript_id NP_transcript
Create one UTR for transcript6
:WSN_NS	.	five_prime_UTR	1	26	.	+	.	ID "nbis-five_prime_utr-3"  ; Parent transcript6 ; gene WSN_NS ; gene_id WSN_NS ; product "WSN nonstructural protein 2"  ; transcript_id NS_transcript
Create one UTR for transcript6
:WSN_NS	.	three_prime_UTR	865	890	.	+	.	ID "nbis-three_prime_utr-3"  ; Parent transcript6 ; gene WSN_NS ; gene_id WSN_NS ; product "WSN nonstructural protein 2"  ; transcript_id NS_transcript
Create one UTR for transcript7
:WSN_PA	.	five_prime_UTR	1	24	.	+	.	ID "nbis-five_prime_utr-4"  ; Parent transcript7 ; gene WSN_PA ; gene_id WSN_PA ; product "WSN polymerase acidic subunit"  ; transcript_id PA_transcript
Create one UTR for transcript7
:WSN_PA	.	three_prime_UTR	2176	2233	.	+	.	ID "nbis-three_prime_utr-4"  ; Parent transcript7 ; gene WSN_PA ; gene_id WSN_PA ; product "WSN polymerase acidic subunit"  ; transcript_id PA_transcript
Create one UTR for transcript8
:WSN_PB1	.	five_prime_UTR	1	24	.	+	.	ID "nbis-five_prime_utr-5"  ; Parent transcript8 ; gene WSN_PB1 ; gene_id WSN_PB1 ; product "WSN polymerase basic 1 subunit"  ; transcript_id PB1_transcript
Create one UTR for transcript8
:WSN_PB1	.	three_prime_UTR	2299	2341	.	+	.	ID "nbis-three_prime_utr-5"  ; Parent transcript8 ; gene WSN_PB1 ; gene_id WSN_PB1 ; product "WSN polymerase basic 1 subunit"  ; transcript_id PB1_transcript
Create one UTR for transcript9
:WSN_PB2	.	five_prime_UTR	1	27	.	+	.	ID "nbis-five_prime_utr-6"  ; Parent transcript9 ; gene WSN_PB2 ; gene_id WSN_PB2 ; product "WSN polymerase basic 2 subunit"  ; transcript_id PB2_transcript
Create one UTR for transcript9
:WSN_PB2	.	three_prime_UTR	2308	2341	.	+	.	ID "nbis-three_prime_utr-6"  ; Parent transcript9 ; gene WSN_PB2 ; gene_id WSN_PB2 ; product "WSN polymerase basic 2 subunit"  ; transcript_id PB2_transcript
12 UTRs created that were missing
No UTRs locations modified
No supernumerary UTRs removed
------------------------------ done in 0 seconds -------------------------------

------------------------ Check11: all level2 locations -------------------------
We modified the L2 LEFT extremity for the sanity the biological data!
We modified the L2 RIGHT extremity for the sanity the biological data!
We modified the L2 LEFT extremity for the sanity the biological data!
We modified the L2 RIGHT extremity for the sanity the biological data!
We fixed 2 wrong level2 location cases
------------------------------ done in 0 seconds -------------------------------

------------------------ Check12: all level1 locations -------------------------
We fixed 2 wrong level1 location cases
------------------------------ done in 0 seconds -------------------------------

---------------------- Check13: remove identical isoforms ----------------------
None found
------------------------------ done in 0 seconds -------------------------------
                  ------ End checks (done in 0 second) ------                   


