                            05/15/2024 at 12h37m26s                             


 ------------------------------------------------------------------------------
|   Another GFF Analysis Toolkit (AGAT) - Version: v1.4.0                      |
|   https://github.com/NBISweden/AGAT                                          |
|   National Bioinformatics Infrastructure Sweden (NBIS) - www.nbis.se         |
 ------------------------------------------------------------------------------
                                        
                                       
                          ------ Start parsing ------                           
-------------------------- parse options and metadata --------------------------
=> Accessing the feature_levels YAML file
Using standard /home/ubuntu/miniconda3/envs/agat/lib/perl5/site_perl/auto/share/dist/AGAT/feature_levels.yaml file
=> Attribute used to group features when no Parent/ID relationship exists (i.e common tag):
	* locus_tag
	* gene_id
=> merge_loci option deactivated
=> Machine information:
	This script is being run by perl v5.32.1
	Bioperl location being used: /home/ubuntu/miniconda3/envs/agat/lib/perl5/site_perl/Bio/
	Operating system being used: linux 
=> Accessing Ontology
	No ontology accessible from the gff file header!
	We use the SOFA ontology distributed with AGAT:
		/home/ubuntu/miniconda3/envs/agat/lib/perl5/site_perl/auto/share/dist/AGAT/so.obo
	Read ontology /home/ubuntu/miniconda3/envs/agat/lib/perl5/site_perl/auto/share/dist/AGAT/so.obo:
		4 root terms, and 2596 total terms, and 1516 leaf terms
	Filtering ontology:
The feature type (3rd column) is constrained to be either a term from the Sequence Ontology or an SO accession number. The latter alternative is distinguished using the syntax SO:000000. In either case, it must be sequence_feature (SO:0000110) or an is_a child of it.
We filter the ontology to apply this rule.		We found 1861 terms that are sequence_feature or is_a child of it.
--------------------------------- parsing file ---------------------------------
=> Number of line in file: 54
=> Number of comment lines: 10
=> Fasta included: No
=> Number of features lines: 44
=> Number of feature type (3rd column): 4
	* Level1: 1 => gene
	* level2: 1 => transcript
	* level3: 2 => exon CDS
	* unknown: 0 => 
=> Version of the Bioperl GFF parser selected by AGAT: 3

                  ------ End parsing (done in 1 second) ------                  


                           ------ Start checks ------                           
---------------------------- Check1: feature types -----------------------------
----------------------------------- ontology -----------------------------------
All feature types in agreement with the Ontology.
------------------------------------- agat -------------------------------------
AGAT can deal with all the encountered feature types (3rd column)
------------------------------ done in 0 seconds -------------------------------

------------------------------ Check2: duplicates ------------------------------
None found
------------------------------ done in 0 seconds -------------------------------

-------------------------- Check3: sequential bucket ---------------------------
Nothing to check as sequential bucket!
------------------------------ done in 0 seconds -------------------------------

--------------------------- Check4: l2 linked to l3 ----------------------------
L3 had a L1 feature but no L2 feature. Corrected by creating the intermediate L2 feature:
WSN_HA	AGAT	RNA	1	1775	.	+	.	ID WSN_HA ; Parent "agat-gene-1"  ; gene WSN_HA ; gene_id WSN_HA ; product "WSN hemagglutinin"  ; transcript_id HA_transcript
Using this feature template:
WSN_HA	.	exon	1	1775	.	+	.	ID HA_exon ; Parent WSN_HA ; gene WSN_HA ; gene_id WSN_HA ; product "WSN hemagglutinin"  ; transcript_id HA_transcript
L3 had a L1 feature but no L2 feature. Corrected by creating the intermediate L2 feature:
WSN_NA	AGAT	RNA	1	1409	.	+	.	ID WSN_NA ; Parent "agat-gene-2"  ; gene WSN_NA ; gene_id WSN_NA ; product "WSN neuraminidase"  ; transcript_id NA_transcript
Using this feature template:
WSN_NA	.	exon	1	1409	.	+	.	ID NA_exon ; Parent WSN_NA ; gene WSN_NA ; gene_id WSN_NA ; product "WSN neuraminidase"  ; transcript_id NA_transcript
2 cases fixed where L3 features have parent feature(s) missing
------------------------------ done in 0 seconds -------------------------------

--------------------------- Check5: l1 linked to l2 ----------------------------
No Parent feature found for HA_transcript. We create one: WSN_HA	AGAT	gene	1	1775	.	+	.	ID "agat-gene-3"  ; gene WSN_HA ; product "WSN hemagglutinin" 
No Parent feature found for NA_transcript. We create one: WSN_NA	AGAT	gene	1	1409	.	+	.	ID "agat-gene-4"  ; gene WSN_NA ; product "WSN neuraminidase" 
2 cases fixed where L2 features have parent features missing
------------------------------ done in 0 seconds -------------------------------

--------------------------- Check6: remove orphan l1 ---------------------------
We remove only those not supposed to be orphan
None found
------------------------------ done in 0 seconds -------------------------------

------------------------- Check7: all level3 locations -------------------------
Features adjacents we merge them:
WSN_NS	.	exon	1	890	.	+	.	ID NS1_exon ; Parent NS_transcript ; gene WSN_NS ; gene_id WSN_NS ; product "WSN nonstructural protein 1"  ; transcript_id NS_transcript
WSN_NS	.	exon	1	56	.	+	.	ID NS2_exon_1 ; Parent NS_transcript ; gene WSN_NS ; gene_id WSN_NS ; product "WSN nonstructural protein 2"  ; transcript_id NS_transcript
Features adjacents we merge them:
WSN_NS	.	exon	1	890	.	+	.	ID NS1_exon ; Parent NS_transcript ; gene WSN_NS ; gene_id WSN_NS ; product "WSN nonstructural protein 1"  ; transcript_id NS_transcript
WSN_NS	.	exon	529	890	.	+	.	ID NS2_exon_2 ; Parent NS_transcript ; gene WSN_NS ; gene_id WSN_NS ; product "WSN nonstructural protein 2"  ; transcript_id NS_transcript
Features adjacents we merge them:
WSN_M	.	exon	1	1027	.	+	.	ID M1_exon ; Parent M_transcript ; gene WSN_M ; gene_id WSN_M ; product "WSN matrix protein"  ; transcript_id M_transcript
WSN_M	.	exon	1	51	.	+	.	ID M2_exon_1 ; Parent M_transcript ; gene WSN_M ; gene_id WSN_M ; product "WSN M2 protein"  ; transcript_id M_transcript
Features adjacents we merge them:
WSN_M	.	exon	1	1027	.	+	.	ID M1_exon ; Parent M_transcript ; gene WSN_M ; gene_id WSN_M ; product "WSN matrix protein"  ; transcript_id M_transcript
WSN_M	.	exon	740	1027	.	+	.	ID M2_exon_2 ; Parent M_transcript ; gene WSN_M ; gene_id WSN_M ; product "WSN M2 protein"  ; transcript_id M_transcript
Features adjacents we merge them:
WSN_M	.	CDS	29	784	.	+	1	ID M1_CDS ; Parent M_transcript ; gene WSN_M ; product "WSN matrix protein" 
WSN_M	.	CDS	29	51	.	+	1	ID M2_CDS_1 ; Parent M_transcript ; gene WSN_M ; product "WSN M2 protein" 
Features adjacents we merge them:
WSN_M	.	CDS	29	784	.	+	1	ID M1_CDS ; Parent M_transcript ; gene WSN_M ; product "WSN matrix protein" 
WSN_M	.	CDS	740	1007	.	+	0	ID M2_CDS_2 ; Parent M_transcript ; gene WSN_M ; product "WSN M2 protein" 
Features adjacents we merge them:
WSN_NS	.	CDS	27	719	.	+	0	ID NS1_CDS ; Parent NS_transcript ; gene_id WSN_NS ; product "WSN nonstructural protein 1" 
WSN_NS	.	CDS	27	56	.	+	0	ID NS2_CDS_1 ; Parent NS_transcript ; gene_id WSN_NS ; product "WSN nonstructural protein 2" 
Features adjacents we merge them:
WSN_NS	.	CDS	27	719	.	+	0	ID NS1_CDS ; Parent NS_transcript ; gene_id WSN_NS ; product "WSN nonstructural protein 1" 
WSN_NS	.	CDS	529	864	.	+	0	ID NS2_CDS_2 ; Parent NS_transcript ; gene_id WSN_NS ; product "WSN nonstructural protein 2" 
------------------------------ done in 0 seconds -------------------------------

------------------------------ Check8: check cds -------------------------------
No problem found
------------------------------ done in 0 seconds -------------------------------

----------------------------- Check9: check exons ------------------------------
Create one Exon for ha_transcript
:WSN_HA	AGAT	exon	33	1730	.	+	.	ID "agat-exon-1"  ; Parent HA_transcript ; gene WSN_HA ; product "WSN hemagglutinin" 
Create one Exon for na_transcript
:WSN_NA	AGAT	exon	20	1381	.	+	.	ID "agat-exon-2"  ; Parent NA_transcript ; gene WSN_NA ; product "WSN neuraminidase" 
2 exons created that were missing
No exons locations modified
No supernumerary exons removed
No level2 locations modified
------------------------------ done in 0 seconds -------------------------------

----------------------------- Check10: check utrs ------------------------------
Create one UTR for m_transcript
:WSN_M	AGAT	five_prime_UTR	1	28	.	+	.	ID "agat-five_prime_utr-1"  ; Parent M_transcript ; gene WSN_M ; gene_id WSN_M ; product "WSN matrix protein"  ; transcript_id M_transcript
Create one UTR for m_transcript
:WSN_M	AGAT	three_prime_UTR	1008	1027	.	+	.	ID "agat-three_prime_utr-1"  ; Parent M_transcript ; gene WSN_M ; gene_id WSN_M ; product "WSN matrix protein"  ; transcript_id M_transcript
Create one UTR for np_transcript
:WSN_NP	AGAT	five_prime_UTR	1	45	.	+	.	ID "agat-five_prime_utr-2"  ; Parent NP_transcript ; gene WSN_NP ; gene_id WSN_NP ; product "WSN nucleoprotein"  ; transcript_id NP_transcript
Create one UTR for np_transcript
:WSN_NP	AGAT	three_prime_UTR	1543	1565	.	+	.	ID "agat-three_prime_utr-2"  ; Parent NP_transcript ; gene WSN_NP ; gene_id WSN_NP ; product "WSN nucleoprotein"  ; transcript_id NP_transcript
Create one UTR for ns_transcript
:WSN_NS	AGAT	five_prime_UTR	1	26	.	+	.	ID "agat-five_prime_utr-3"  ; Parent NS_transcript ; gene WSN_NS ; gene_id WSN_NS ; product "WSN nonstructural protein 1"  ; transcript_id NS_transcript
Create one UTR for ns_transcript
:WSN_NS	AGAT	three_prime_UTR	865	890	.	+	.	ID "agat-three_prime_utr-3"  ; Parent NS_transcript ; gene WSN_NS ; gene_id WSN_NS ; product "WSN nonstructural protein 1"  ; transcript_id NS_transcript
Create one UTR for pa_transcript
:WSN_PA	AGAT	five_prime_UTR	1	24	.	+	.	ID "agat-five_prime_utr-4"  ; Parent PA_transcript ; gene WSN_PA ; gene_id WSN_PA ; product "WSN polymerase acidic subunit"  ; transcript_id PA_transcript
Create one UTR for pa_transcript
:WSN_PA	AGAT	three_prime_UTR	2176	2233	.	+	.	ID "agat-three_prime_utr-4"  ; Parent PA_transcript ; gene WSN_PA ; gene_id WSN_PA ; product "WSN polymerase acidic subunit"  ; transcript_id PA_transcript
Create one UTR for pb1_transcript
:WSN_PB1	AGAT	five_prime_UTR	1	24	.	+	.	ID "agat-five_prime_utr-5"  ; Parent PB1_transcript ; gene WSN_PB1 ; gene_id WSN_PB1 ; product "WSN polymerase basic 1 subunit"  ; transcript_id PB1_transcript
Create one UTR for pb1_transcript
:WSN_PB1	AGAT	three_prime_UTR	2299	2341	.	+	.	ID "agat-three_prime_utr-5"  ; Parent PB1_transcript ; gene WSN_PB1 ; gene_id WSN_PB1 ; product "WSN polymerase basic 1 subunit"  ; transcript_id PB1_transcript
Create one UTR for pb2_transcript
:WSN_PB2	AGAT	five_prime_UTR	1	27	.	+	.	ID "agat-five_prime_utr-6"  ; Parent PB2_transcript ; gene WSN_PB2 ; gene_id WSN_PB2 ; product "WSN polymerase basic 2 subunit"  ; transcript_id PB2_transcript
Create one UTR for pb2_transcript
:WSN_PB2	AGAT	three_prime_UTR	2308	2341	.	+	.	ID "agat-three_prime_utr-6"  ; Parent PB2_transcript ; gene WSN_PB2 ; gene_id WSN_PB2 ; product "WSN polymerase basic 2 subunit"  ; transcript_id PB2_transcript
12 UTRs created that were missing
No UTRs locations modified
No supernumerary UTRs removed
------------------------------ done in 0 seconds -------------------------------

------------------------ Check11: all level2 locations -------------------------
We modified the L2 LEFT extremity for the sanity the biological data!
We modified the L2 RIGHT extremity for the sanity the biological data!
We modified the L2 LEFT extremity for the sanity the biological data!
We modified the L2 RIGHT extremity for the sanity the biological data!
We fixed 2 wrong level2 location cases
------------------------------ done in 0 seconds -------------------------------

------------------------ Check12: all level1 locations -------------------------
We fixed 2 wrong level1 location cases
------------------------------ done in 0 seconds -------------------------------

---------------------- Check13: remove identical isoforms ----------------------
None found
------------------------------ done in 0 seconds -------------------------------
                  ------ End checks (done in 0 second) ------                   


